Using pre-set license
Built from '2021.1/release' branch; Version is '2021.1.0f1 (61a549675243) revision 6399305'; Using compiler version '192528614'; Build Type 'Release'
OS: 'Windows 10 Education; OS build 22000.978; Version 2009; 64bit' Language: 'es' Physical Memory: 8114 MB
BatchMode: 1, IsHumanControllingUs: 0, StartBugReporterOnCrash: 0, Is64bit: 1, IsPro: 0

 COMMAND LINE ARGUMENTS:
C:\Program Files\Unity\Hub\Editor\2021.1.0f1\Editor\Unity.exe
-adb2
-batchMode
-noUpm
-name
AssetImportWorker0
-projectPath
C:/Users/Perfil/Desktop/topDown2D-main
-logFile
Logs/AssetImportWorker0.log
-srvPort
57714
Successfully changed project path to: C:/Users/Perfil/Desktop/topDown2D-main
C:/Users/Perfil/Desktop/topDown2D-main
Using Asset Import Pipeline V2.
Refreshing native plugins compatible for Editor in 209.82 ms, found 2 plugins.
Preloading 0 native plugins for Editor in 0.00 ms.
Initialize engine version: 2021.1.0f1 (61a549675243)
[Subsystems] Discovering subsystems at path C:/Program Files/Unity/Hub/Editor/2021.1.0f1/Editor/Data/Resources/UnitySubsystems
[Subsystems] Discovering subsystems at path C:/Users/Perfil/Desktop/topDown2D-main/Assets
GfxDevice: creating device client; threaded=0; jobified=0
Direct3D:
    Version:  Direct3D 11.0 [level 11.1]
    Renderer: Intel(R) HD Graphics 4600 (ID=0x412)
    Vendor:   Intel
    VRAM:     2048 MB
    Driver:   20.19.15.5126
Initialize mono
Mono path[0] = 'C:/Program Files/Unity/Hub/Editor/2021.1.0f1/Editor/Data/Managed'
Mono path[1] = 'C:/Program Files/Unity/Hub/Editor/2021.1.0f1/Editor/Data/MonoBleedingEdge/lib/mono/unityjit'
Mono config path = 'C:/Program Files/Unity/Hub/Editor/2021.1.0f1/Editor/Data/MonoBleedingEdge/etc'
Using monoOptions --debugger-agent=transport=dt_socket,embedding=1,server=y,suspend=n,address=127.0.0.1:56640
Begin MonoManager ReloadAssembly
Registering precompiled unity dll's ...
Register platform support module: C:/Program Files/Unity/Hub/Editor/2021.1.0f1/Editor/Data/PlaybackEngines/WindowsStandaloneSupport/UnityEditor.WindowsStandalone.Extensions.dll
Registered in 0.011300 seconds.
Native extension for WindowsStandalone target not found
Refreshing native plugins compatible for Editor in 167.61 ms, found 2 plugins.
Preloading 0 native plugins for Editor in 0.00 ms.
Mono: successfully reloaded assembly
- Completed reload, in  3.453 seconds
Platform modules already initialized, skipping
Registering precompiled user dll's ...
Registered in 0.012443 seconds.
Begin MonoManager ReloadAssembly
Native extension for WindowsStandalone target not found
Refreshing native plugins compatible for Editor in 253.70 ms, found 2 plugins.
Preloading 0 native plugins for Editor in 0.00 ms.
Mono: successfully reloaded assembly
- Completed reload, in  4.773 seconds
Platform modules already initialized, skipping
========================================================================
Worker process is ready to serve import requests
Launched and connected shader compiler UnityShaderCompiler.exe after 0.11 seconds
Refreshing native plugins compatible for Editor in 1.62 ms, found 2 plugins.
Preloading 0 native plugins for Editor in 0.00 ms.
Unloading 3838 Unused Serialized files (Serialized files now loaded: 0)
System memory in use before: 144.2 MB.
System memory in use after: 144.5 MB.

Unloading 29 unused Assets to reduce memory usage. Loaded Objects now: 4299.
Total: 7.122200 ms (FindLiveObjects: 0.773100 ms CreateObjectMapping: 0.841200 ms MarkObjects: 5.415000 ms  DeleteObjects: 0.090500 ms)

========================================================================
Received Import Request.
  path: Assets/Scripts/TerrainScene/BoardManager.cs
  artifactKey: Guid(9500915d78c3d4f4a96639bbb5b0fa01) Importer(815301076,1909f56bfc062723c751e8b465ee728b)
Start importing Assets/Scripts/TerrainScene/BoardManager.cs using Guid(9500915d78c3d4f4a96639bbb5b0fa01) Importer(815301076,1909f56bfc062723c751e8b465ee728b)  -> (artifact id: 'b587465a6285c320d4e1507b67d44571') in 0.073132 seconds 
========================================================================
Received Import Request.
  Time since last request: 0.001110 seconds.
  path: Assets/Scripts/TerrainScene
  artifactKey: Guid(abe686e6fb683c84180b2e54a62dd805) Importer(815301076,1909f56bfc062723c751e8b465ee728b)
Start importing Assets/Scripts/TerrainScene using Guid(abe686e6fb683c84180b2e54a62dd805) Importer(815301076,1909f56bfc062723c751e8b465ee728b)  -> (artifact id: 'b1e4560eac429f65617a55e09f021048') in 0.005933 seconds 
========================================================================
Received Import Request.
  Time since last request: 0.000788 seconds.
  path: Assets/Scripts/TerrainScene/Player.cs
  artifactKey: Guid(9db0528b327b78d429877d6a3296d414) Importer(815301076,1909f56bfc062723c751e8b465ee728b)
Start importing Assets/Scripts/TerrainScene/Player.cs using Guid(9db0528b327b78d429877d6a3296d414) Importer(815301076,1909f56bfc062723c751e8b465ee728b)  -> (artifact id: '7c5729fc339a3ebe8b76ab4e387f55b8') in 0.073396 seconds 
========================================================================
Received Import Request.
  Time since last request: 0.023936 seconds.
  path: Assets/Scripts/TerrainScene/Cell.cs
  artifactKey: Guid(d1178b9abc2a123479435ed88d3324ba) Importer(815301076,1909f56bfc062723c751e8b465ee728b)
Start importing Assets/Scripts/TerrainScene/Cell.cs using Guid(d1178b9abc2a123479435ed88d3324ba) Importer(815301076,1909f56bfc062723c751e8b465ee728b)  -> (artifact id: '3397bff32289ab224c1df7ccb9e3f901') in 0.013026 seconds 
========================================================================
Received Import Request.
  Time since last request: 0.000596 seconds.
  path: Assets/Scripts/TerrainScene/TerrainGenerator.cs
  artifactKey: Guid(402963bff6d0fab4ca0b9e48e2412bdb) Importer(815301076,1909f56bfc062723c751e8b465ee728b)
Start importing Assets/Scripts/TerrainScene/TerrainGenerator.cs using Guid(402963bff6d0fab4ca0b9e48e2412bdb) Importer(815301076,1909f56bfc062723c751e8b465ee728b)  -> (artifact id: '8bc12854d113b5406b57914bec6dda44') in 0.122590 seconds 
========================================================================
Received Import Request.
  Time since last request: 0.000601 seconds.
  path: Assets/TopDown2D.inputactions
  artifactKey: Guid(911b689d174bdea41b47e4c3f4470873) Importer(815301076,1909f56bfc062723c751e8b465ee728b)
Start importing Assets/TopDown2D.inputactions using Guid(911b689d174bdea41b47e4c3f4470873) Importer(815301076,1909f56bfc062723c751e8b465ee728b)  -> (artifact id: '9a36c337bfc40a52bc5432e1b9aa7e4f') in 0.464993 seconds 
========================================================================
Received Import Request.
  Time since last request: 132.803030 seconds.
  path: Assets/Scripts/TerrainScene/GridGenerator.cs
  artifactKey: Guid(7ed499da7aae12548a808689cbc74ec1) Importer(815301076,1909f56bfc062723c751e8b465ee728b)
Start importing Assets/Scripts/TerrainScene/GridGenerator.cs using Guid(7ed499da7aae12548a808689cbc74ec1) Importer(815301076,1909f56bfc062723c751e8b465ee728b)  -> (artifact id: 'f38b5170bd752ceb5aeb6bf21c73a5e8') in 0.007665 seconds 
========================================================================
Received Import Request.
  Time since last request: 0.910709 seconds.
  path: Assets/Scripts/TerrainScene/PathManager.cs
  artifactKey: Guid(5368254ee04454fc79423ad8cbc5464f) Importer(815301076,1909f56bfc062723c751e8b465ee728b)
Start importing Assets/Scripts/TerrainScene/PathManager.cs using Guid(5368254ee04454fc79423ad8cbc5464f) Importer(815301076,1909f56bfc062723c751e8b465ee728b)  -> (artifact id: '0e4bc09c882f43d76c5ed4d38dfaca0a') in 0.016772 seconds 
========================================================================
Received Import Request.
  Time since last request: 5.179227 seconds.
  path: Assets/Scripts/TerrainScene/PowerSource.cs
  artifactKey: Guid(c170c75925b8f48d2b877941cc03bbc9) Importer(815301076,1909f56bfc062723c751e8b465ee728b)
Start importing Assets/Scripts/TerrainScene/PowerSource.cs using Guid(c170c75925b8f48d2b877941cc03bbc9) Importer(815301076,1909f56bfc062723c751e8b465ee728b)  -> (artifact id: 'a7a8c069a5af65a3d6dd0e9ebe29136d') in 0.008682 seconds 
========================================================================
Received Prepare
Registering precompiled user dll's ...
Registered in 0.012294 seconds.
Begin MonoManager ReloadAssembly
Native extension for WindowsStandalone target not found
Refreshing native plugins compatible for Editor in 1.10 ms, found 2 plugins.
Preloading 0 native plugins for Editor in 0.00 ms.
Mono: successfully reloaded assembly
- Completed reload, in  3.164 seconds
Platform modules already initialized, skipping
Refreshing native plugins compatible for Editor in 12.69 ms, found 2 plugins.
Preloading 0 native plugins for Editor in 0.00 ms.
Unloading 3826 Unused Serialized files (Serialized files now loaded: 0)
System memory in use before: 143.9 MB.
System memory in use after: 144.2 MB.

Unloading 15 unused Assets to reduce memory usage. Loaded Objects now: 4303.
Total: 4.316000 ms (FindLiveObjects: 0.447300 ms CreateObjectMapping: 0.289800 ms MarkObjects: 3.551800 ms  DeleteObjects: 0.025800 ms)

========================================================================
Received Prepare
Registering precompiled user dll's ...
Registered in 0.009926 seconds.
Begin MonoManager ReloadAssembly
Native extension for WindowsStandalone target not found
Refreshing native plugins compatible for Editor in 1.50 ms, found 2 plugins.
Preloading 0 native plugins for Editor in 0.00 ms.
Mono: successfully reloaded assembly
- Completed reload, in  2.338 seconds
Platform modules already initialized, skipping
Refreshing native plugins compatible for Editor in 1.20 ms, found 2 plugins.
Preloading 0 native plugins for Editor in 0.00 ms.
Unloading 3826 Unused Serialized files (Serialized files now loaded: 0)
System memory in use before: 144.0 MB.
System memory in use after: 144.2 MB.

Unloading 15 unused Assets to reduce memory usage. Loaded Objects now: 4307.
Total: 9.147800 ms (FindLiveObjects: 2.667800 ms CreateObjectMapping: 1.625300 ms MarkObjects: 4.816500 ms  DeleteObjects: 0.034600 ms)

========================================================================
Received Prepare
Registering precompiled user dll's ...
Registered in 0.011396 seconds.
Begin MonoManager ReloadAssembly
Native extension for WindowsStandalone target not found
Refreshing native plugins compatible for Editor in 2.86 ms, found 2 plugins.
Preloading 0 native plugins for Editor in 0.00 ms.
Mono: successfully reloaded assembly
- Completed reload, in  2.135 seconds
Platform modules already initialized, skipping
Refreshing native plugins compatible for Editor in 1.38 ms, found 2 plugins.
Preloading 0 native plugins for Editor in 0.00 ms.
Unloading 3826 Unused Serialized files (Serialized files now loaded: 0)
System memory in use before: 144.0 MB.
System memory in use after: 144.3 MB.

Unloading 15 unused Assets to reduce memory usage. Loaded Objects now: 4311.
Total: 6.335300 ms (FindLiveObjects: 0.652000 ms CreateObjectMapping: 0.462700 ms MarkObjects: 5.150700 ms  DeleteObjects: 0.030300 ms)

========================================================================
Received Import Request.
  Time since last request: 1080.356027 seconds.
  path: Assets/Prefabs/Bullet.prefab
  artifactKey: Guid(2368e05c83ff94e579a141c41c3e773a) Importer(815301076,1909f56bfc062723c751e8b465ee728b)
Start importing Assets/Prefabs/Bullet.prefab using Guid(2368e05c83ff94e579a141c41c3e773a) Importer(815301076,1909f56bfc062723c751e8b465ee728b)  -> (artifact id: '067e0837a4583587a5a69b8052ecc49e') in 0.173275 seconds 
========================================================================
Received Import Request.
  Time since last request: 0.000509 seconds.
  path: Assets/Prefabs/Unidad1.prefab
  artifactKey: Guid(fe08310d0ff756645b95855bc50a6397) Importer(815301076,1909f56bfc062723c751e8b465ee728b)
Start importing Assets/Prefabs/Unidad1.prefab using Guid(fe08310d0ff756645b95855bc50a6397) Importer(815301076,1909f56bfc062723c751e8b465ee728b)  -> (artifact id: '4136e329d4720707d0ae3ca8f434caea') in 0.036494 seconds 
========================================================================
Received Import Request.
  Time since last request: 0.000570 seconds.
  path: Assets/Prefabs/Torre1.prefab
  artifactKey: Guid(343f4767a2d5f224ba98bed510c33937) Importer(815301076,1909f56bfc062723c751e8b465ee728b)
Start importing Assets/Prefabs/Torre1.prefab using Guid(343f4767a2d5f224ba98bed510c33937) Importer(815301076,1909f56bfc062723c751e8b465ee728b)  -> (artifact id: 'fcca256197ae151a913e0e1657b489a3') in 0.038360 seconds 
========================================================================
Received Import Request.
  Time since last request: 0.001014 seconds.
  path: Assets/Prefabs/Dirt.prefab
  artifactKey: Guid(dec724f01987447449af4c24ce757670) Importer(815301076,1909f56bfc062723c751e8b465ee728b)
Start importing Assets/Prefabs/Dirt.prefab using Guid(dec724f01987447449af4c24ce757670) Importer(815301076,1909f56bfc062723c751e8b465ee728b)  -> (artifact id: 'cb261db6f5f5fbefe3ecc04d8a48e2f6') in 0.047559 seconds 
========================================================================
Received Import Request.
  Time since last request: 0.000616 seconds.
  path: Assets/Prefabs/PowerSource.prefab
  artifactKey: Guid(152930bb97dca45e9be6ef08cdaea323) Importer(815301076,1909f56bfc062723c751e8b465ee728b)
Start importing Assets/Prefabs/PowerSource.prefab using Guid(152930bb97dca45e9be6ef08cdaea323) Importer(815301076,1909f56bfc062723c751e8b465ee728b)  -> (artifact id: '1a6568366907de9491d1f27302a5a88d') in 0.036094 seconds 
========================================================================
Received Import Request.
  Time since last request: 0.001112 seconds.
  path: Assets/Prefabs/Torre2.prefab
  artifactKey: Guid(22b68333d9f97ab429a6f962815fddc5) Importer(815301076,1909f56bfc062723c751e8b465ee728b)
Start importing Assets/Prefabs/Torre2.prefab using Guid(22b68333d9f97ab429a6f962815fddc5) Importer(815301076,1909f56bfc062723c751e8b465ee728b)  -> (artifact id: 'cb6652f2c2b4cdcc0a5686c3bf4ae1e6') in 0.038490 seconds 
========================================================================
Received Import Request.
  Time since last request: 0.000819 seconds.
  path: Assets/Prefabs/unidad2.prefab
  artifactKey: Guid(e8d4002ea143343439f26e985cee9581) Importer(815301076,1909f56bfc062723c751e8b465ee728b)
Start importing Assets/Prefabs/unidad2.prefab using Guid(e8d4002ea143343439f26e985cee9581) Importer(815301076,1909f56bfc062723c751e8b465ee728b)  -> (artifact id: 'ee47378abc6ea39fa444482171ba87fe') in 0.038828 seconds 
========================================================================
Received Import Request.
  Time since last request: 0.000706 seconds.
  path: Assets/Prefabs/BulletE.prefab
  artifactKey: Guid(53daf678ff2f731428e3b84cd1347b12) Importer(815301076,1909f56bfc062723c751e8b465ee728b)
Start importing Assets/Prefabs/BulletE.prefab using Guid(53daf678ff2f731428e3b84cd1347b12) Importer(815301076,1909f56bfc062723c751e8b465ee728b)  -> (artifact id: 'd47dd534237038930f9054f9d9b76c80') in 0.033771 seconds 
========================================================================
Received Import Request.
  Time since last request: 0.001229 seconds.
  path: Assets/Prefabs/Grass.prefab
  artifactKey: Guid(8da816ae701b853499a82b3897869053) Importer(815301076,1909f56bfc062723c751e8b465ee728b)
Start importing Assets/Prefabs/Grass.prefab using Guid(8da816ae701b853499a82b3897869053) Importer(815301076,1909f56bfc062723c751e8b465ee728b)  -> (artifact id: '8ca257fe8541fbc94e824238e5988e94') in 0.036417 seconds 
========================================================================
Received Import Request.
  Time since last request: 2.714676 seconds.
  path: Assets/Prefabs/BoardManager.prefab
  artifactKey: Guid(78b251920e3ee194e95664dd054ebab1) Importer(815301076,1909f56bfc062723c751e8b465ee728b)
Start importing Assets/Prefabs/BoardManager.prefab using Guid(78b251920e3ee194e95664dd054ebab1) Importer(815301076,1909f56bfc062723c751e8b465ee728b)  -> (artifact id: '89ec1261601120369b2caa101c4a63f8') in 0.032205 seconds 
========================================================================
Received Prepare
Registering precompiled user dll's ...
Registered in 0.011446 seconds.
Begin MonoManager ReloadAssembly
Native extension for WindowsStandalone target not found
Refreshing native plugins compatible for Editor in 1.22 ms, found 2 plugins.
Preloading 0 native plugins for Editor in 0.00 ms.
Mono: successfully reloaded assembly
- Completed reload, in  2.080 seconds
Platform modules already initialized, skipping
Refreshing native plugins compatible for Editor in 1.37 ms, found 2 plugins.
Preloading 0 native plugins for Editor in 0.00 ms.
Unloading 3826 Unused Serialized files (Serialized files now loaded: 0)
System memory in use before: 148.2 MB.
System memory in use after: 148.5 MB.

Unloading 15 unused Assets to reduce memory usage. Loaded Objects now: 4322.
Total: 4.314800 ms (FindLiveObjects: 0.536200 ms CreateObjectMapping: 0.317800 ms MarkObjects: 3.436600 ms  DeleteObjects: 0.022900 ms)

========================================================================
Received Prepare
Registering precompiled user dll's ...
Registered in 0.012400 seconds.
Begin MonoManager ReloadAssembly
Native extension for WindowsStandalone target not found
Refreshing native plugins compatible for Editor in 1.40 ms, found 2 plugins.
Preloading 0 native plugins for Editor in 0.00 ms.
Mono: successfully reloaded assembly
- Completed reload, in  2.043 seconds
Platform modules already initialized, skipping
Refreshing native plugins compatible for Editor in 1.14 ms, found 2 plugins.
Preloading 0 native plugins for Editor in 0.00 ms.
Unloading 3826 Unused Serialized files (Serialized files now loaded: 0)
System memory in use before: 148.2 MB.
System memory in use after: 148.5 MB.

Unloading 15 unused Assets to reduce memory usage. Loaded Objects now: 4326.
Total: 4.554900 ms (FindLiveObjects: 0.529500 ms CreateObjectMapping: 0.560000 ms MarkObjects: 3.441700 ms  DeleteObjects: 0.022300 ms)

========================================================================
Received Import Request.
  Time since last request: 124.816003 seconds.
  path: Assets/Prefabs/BoardManager.prefab
  artifactKey: Guid(78b251920e3ee194e95664dd054ebab1) Importer(815301076,1909f56bfc062723c751e8b465ee728b)
Start importing Assets/Prefabs/BoardManager.prefab using Guid(78b251920e3ee194e95664dd054ebab1) Importer(815301076,1909f56bfc062723c751e8b465ee728b)  -> (artifact id: '24b277303af222fc8eb460fb695f0655') in 0.060818 seconds 
========================================================================
Received Import Request.
  Time since last request: 3.138844 seconds.
  path: Assets/Prefabs/BoardManager.prefab
  artifactKey: Guid(78b251920e3ee194e95664dd054ebab1) Importer(815301076,1909f56bfc062723c751e8b465ee728b)
Start importing Assets/Prefabs/BoardManager.prefab using Guid(78b251920e3ee194e95664dd054ebab1) Importer(815301076,1909f56bfc062723c751e8b465ee728b)  -> (artifact id: '5f1cc8e3e63e4a41889782b13b9e68a6') in 0.024277 seconds 
========================================================================
Received Prepare
Registering precompiled user dll's ...
Registered in 0.010750 seconds.
Begin MonoManager ReloadAssembly
Native extension for WindowsStandalone target not found
Refreshing native plugins compatible for Editor in 1.37 ms, found 2 plugins.
Preloading 0 native plugins for Editor in 0.00 ms.
Mono: successfully reloaded assembly
- Completed reload, in  2.076 seconds
Platform modules already initialized, skipping
Refreshing native plugins compatible for Editor in 1.65 ms, found 2 plugins.
Preloading 0 native plugins for Editor in 0.00 ms.
Unloading 3826 Unused Serialized files (Serialized files now loaded: 0)
System memory in use before: 148.2 MB.
System memory in use after: 148.5 MB.

Unloading 15 unused Assets to reduce memory usage. Loaded Objects now: 4330.
Total: 4.531400 ms (FindLiveObjects: 0.606000 ms CreateObjectMapping: 0.508400 ms MarkObjects: 3.392000 ms  DeleteObjects: 0.023700 ms)

========================================================================
Received Import Request.
  Time since last request: 25.820987 seconds.
  path: Assets/Prefabs/BoardManager.prefab
  artifactKey: Guid(78b251920e3ee194e95664dd054ebab1) Importer(815301076,1909f56bfc062723c751e8b465ee728b)
Start importing Assets/Prefabs/BoardManager.prefab using Guid(78b251920e3ee194e95664dd054ebab1) Importer(815301076,1909f56bfc062723c751e8b465ee728b)  -> (artifact id: 'ef21604bd3f2328a376c53dd269f25cf') in 0.052491 seconds 
========================================================================
Received Prepare
Registering precompiled user dll's ...
Registered in 0.010535 seconds.
Begin MonoManager ReloadAssembly
Native extension for WindowsStandalone target not found
Refreshing native plugins compatible for Editor in 1.30 ms, found 2 plugins.
Preloading 0 native plugins for Editor in 0.00 ms.
Mono: successfully reloaded assembly
- Completed reload, in  2.163 seconds
Platform modules already initialized, skipping
Refreshing native plugins compatible for Editor in 1.15 ms, found 2 plugins.
Preloading 0 native plugins for Editor in 0.00 ms.
Unloading 3826 Unused Serialized files (Serialized files now loaded: 0)
System memory in use before: 148.3 MB.
System memory in use after: 148.5 MB.

Unloading 15 unused Assets to reduce memory usage. Loaded Objects now: 4334.
Total: 4.212100 ms (FindLiveObjects: 0.555100 ms CreateObjectMapping: 0.342900 ms MarkObjects: 3.286300 ms  DeleteObjects: 0.025800 ms)

========================================================================
Received Import Request.
  Time since last request: 44.290671 seconds.
  path: Assets/Prefabs/BoardManager.prefab
  artifactKey: Guid(78b251920e3ee194e95664dd054ebab1) Importer(815301076,1909f56bfc062723c751e8b465ee728b)
Start importing Assets/Prefabs/BoardManager.prefab using Guid(78b251920e3ee194e95664dd054ebab1) Importer(815301076,1909f56bfc062723c751e8b465ee728b)  -> (artifact id: '148783c2f61caae831655bdfbe6fb4b4') in 0.056051 seconds 
========================================================================
Received Import Request.
  Time since last request: 3.050946 seconds.
  path: Assets/Prefabs/BoardManager.prefab
  artifactKey: Guid(78b251920e3ee194e95664dd054ebab1) Importer(815301076,1909f56bfc062723c751e8b465ee728b)
Start importing Assets/Prefabs/BoardManager.prefab using Guid(78b251920e3ee194e95664dd054ebab1) Importer(815301076,1909f56bfc062723c751e8b465ee728b)  -> (artifact id: '8ce5d094917169a3a0162f3d4062a6b6') in 0.025028 seconds 
========================================================================
Received Prepare
Registering precompiled user dll's ...
Registered in 0.010765 seconds.
Begin MonoManager ReloadAssembly
Native extension for WindowsStandalone target not found
Refreshing native plugins compatible for Editor in 1.82 ms, found 2 plugins.
Preloading 0 native plugins for Editor in 0.00 ms.
Mono: successfully reloaded assembly
- Completed reload, in  1.991 seconds
Platform modules already initialized, skipping
Refreshing native plugins compatible for Editor in 1.17 ms, found 2 plugins.
Preloading 0 native plugins for Editor in 0.00 ms.
Unloading 3826 Unused Serialized files (Serialized files now loaded: 0)
System memory in use before: 148.3 MB.
System memory in use after: 148.5 MB.

Unloading 15 unused Assets to reduce memory usage. Loaded Objects now: 4338.
Total: 4.934900 ms (FindLiveObjects: 0.648800 ms CreateObjectMapping: 0.538100 ms MarkObjects: 3.719900 ms  DeleteObjects: 0.026300 ms)

========================================================================
Received Prepare
Registering precompiled user dll's ...
Registered in 0.010048 seconds.
Begin MonoManager ReloadAssembly
Native extension for WindowsStandalone target not found
Refreshing native plugins compatible for Editor in 1.53 ms, found 2 plugins.
Preloading 0 native plugins for Editor in 0.00 ms.
Mono: successfully reloaded assembly
- Completed reload, in  2.089 seconds
Platform modules already initialized, skipping
Refreshing native plugins compatible for Editor in 1.23 ms, found 2 plugins.
Preloading 0 native plugins for Editor in 0.00 ms.
Unloading 3826 Unused Serialized files (Serialized files now loaded: 0)
System memory in use before: 148.3 MB.
System memory in use after: 148.5 MB.

Unloading 15 unused Assets to reduce memory usage. Loaded Objects now: 4342.
Total: 5.428900 ms (FindLiveObjects: 0.886600 ms CreateObjectMapping: 0.586000 ms MarkObjects: 3.916900 ms  DeleteObjects: 0.037600 ms)

========================================================================
Received Prepare
Registering precompiled user dll's ...
Registered in 0.012598 seconds.
Begin MonoManager ReloadAssembly
Native extension for WindowsStandalone target not found
Refreshing native plugins compatible for Editor in 0.98 ms, found 2 plugins.
Preloading 0 native plugins for Editor in 0.00 ms.
Mono: successfully reloaded assembly
- Completed reload, in  2.162 seconds
Platform modules already initialized, skipping
Refreshing native plugins compatible for Editor in 1.41 ms, found 2 plugins.
Preloading 0 native plugins for Editor in 0.00 ms.
Unloading 3826 Unused Serialized files (Serialized files now loaded: 0)
System memory in use before: 148.3 MB.
System memory in use after: 148.5 MB.

Unloading 15 unused Assets to reduce memory usage. Loaded Objects now: 4346.
Total: 3.778200 ms (FindLiveObjects: 0.382200 ms CreateObjectMapping: 0.254300 ms MarkObjects: 3.114600 ms  DeleteObjects: 0.025800 ms)

========================================================================
Received Import Request.
  Time since last request: 437.259783 seconds.
  path: Assets/Prefabs/BoardManager.prefab
  artifactKey: Guid(78b251920e3ee194e95664dd054ebab1) Importer(815301076,1909f56bfc062723c751e8b465ee728b)
Start importing Assets/Prefabs/BoardManager.prefab using Guid(78b251920e3ee194e95664dd054ebab1) Importer(815301076,1909f56bfc062723c751e8b465ee728b)  -> (artifact id: '77ae0d23ce57d2602a789989c590192f') in 0.088184 seconds 
